2023-01-13 10:49:26,630 : [INFO] : [posts_service.py].get_list() - <<< Start function get_list
2023-01-13 10:50:28,632 : [ERROR] : [posts_service.py].get_list() - <<< Ошибка при получение списка постов : >>> (psycopg2.OperationalError) connection to server at "10.100.26.76", port 5432 failed: Connection timed out (0x0000274C/10060)
	Is the server running on that host and accepting TCP/IP connections?

(Background on this error at: https://sqlalche.me/e/14/e3q8)
2023-01-13 10:56:08,558 : [INFO] : [posts_service.py].get_list() - <<< Start function get_list
2023-01-13 10:57:10,562 : [ERROR] : [posts_service.py].get_list() - <<< Ошибка при получение списка постов : >>> (psycopg2.OperationalError) connection to server at "10.100.26.76", port 5432 failed: Connection timed out (0x0000274C/10060)
	Is the server running on that host and accepting TCP/IP connections?

(Background on this error at: https://sqlalche.me/e/14/e3q8)
2023-01-13 10:58:44,807 : [INFO] : [posts_service.py].get_list() - <<< Start function get_list
2023-01-13 10:59:46,814 : [ERROR] : [posts_service.py].get_list() - <<< Ошибка при получение списка постов : >>> (psycopg2.OperationalError) connection to server at "10.100.26.76", port 5432 failed: Connection timed out (0x0000274C/10060)
	Is the server running on that host and accepting TCP/IP connections?

(Background on this error at: https://sqlalche.me/e/14/e3q8)
2023-01-13 11:01:23,409 : [INFO] : [posts_service.py].get_list() - <<< Start function get_list
2023-01-13 11:04:25,163 : [DEBUG] : [posts_service.py].create() - <<< Start function create company_data : title='Post-New' text='Post-New' date=datetime.datetime(2023, 1, 13, 8, 4, 5, 508000, tzinfo=datetime.timezone.utc)
2023-01-13 11:08:24,550 : [INFO] : [posts_service.py].get_list() - <<< Start function get_list
2023-01-13 11:10:10,769 : [INFO] : [posts_service.py].get_list() - <<< Start function get_list
2023-01-13 11:10:35,235 : [DEBUG] : [posts_service.py].create() - <<< Start function create company_data : title='My-Posts' text='My-Posts' date=datetime.datetime(2023, 1, 13, 8, 10, 17, 632000, tzinfo=datetime.timezone.utc)
2023-01-13 11:10:49,383 : [DEBUG] : [posts_service.py].get() - <<< Start function get parametr post_id : 4
2023-01-13 11:12:33,359 : [INFO] : [posts_service.py].get_list() - <<< Start function get_list
2023-01-13 11:12:58,631 : [DEBUG] : [posts_service.py].create() - <<< Start function create company_data : title='Next-Posts' text='Next-Posts'
2023-01-13 11:15:14,438 : [INFO] : [posts_service.py].get_list() - <<< Start function get_list
2023-01-13 11:15:33,236 : [INFO] : [posts_service.py].get_list() - <<< Start function get_list
2023-01-13 11:16:51,531 : [INFO] : [posts_service.py].get_list() - <<< Start function get_list
2023-01-13 11:18:20,260 : [INFO] : [posts_service.py].get_list() - <<< Start function get_list
2023-01-13 11:19:34,197 : [INFO] : [posts_service.py].get_list() - <<< Start function get_list
2023-01-13 11:19:59,816 : [INFO] : [posts_service.py].get_list() - <<< Start function get_list
